<?xml version="1.0" encoding="UTF-8" standalone="no"?>
<!DOCTYPE log SYSTEM "logger.dtd">
<log>
<record>
  <date>2019-08-26T16:11:41.801-0300</date>
  <logger>WENDSON MAGALHAES DA SILVA</logger>
  <level>FINE</level>
  <message>File 117210424-WENDSON MAGALHAES DA SILVA.zip was received. It was sent by WENDSON MAGALHAES DA SILVA from IP 150.165.42.103 at 26-08-2019 16*11*41</message>
</record>
</log>
<?xml version="1.0" encoding="UTF-8" standalone="no"?>
<!DOCTYPE log SYSTEM "logger.dtd">
<log>
<record>
  <date>2019-08-26T18:39:08.707-0300</date>
  <logger>WENDSON MAGALHAES DA SILVA</logger>
  <level>FINE</level>
  <message>File 117210424-WENDSON MAGALHAES DA SILVA.zip was received. It was sent by WENDSON MAGALHAES DA SILVA from IP 192.168.1.8 at 26-08-2019 18*39*08</message>
</record>
</log>
<?xml version="1.0" encoding="UTF-8" standalone="no"?>
<!DOCTYPE log SYSTEM "logger.dtd">
<log>
<record>
  <date>2019-08-26T18:39:08.724-0300</date>
  <logger>WENDSON MAGALHAES DA SILVA</logger>
  <level>FINE</level>
  <message>File 117210424-WENDSON MAGALHAES DA SILVA.zip was received. It was sent by WENDSON MAGALHAES DA SILVA from IP 192.168.1.8 at 26-08-2019 18*39*08</message>
</record>
</log>
<?xml version="1.0" encoding="UTF-8" standalone="no"?>
<!DOCTYPE log SYSTEM "logger.dtd">
<log>
<record>
  <date>2019-08-26T18:47:15.124-0300</date>
  <logger>WENDSON MAGALHAES DA SILVA</logger>
  <level>FINE</level>
  <message>File 117210424-WENDSON MAGALHAES DA SILVA.zip was received. It was sent by WENDSON MAGALHAES DA SILVA from IP 192.168.1.8 at 26-08-2019 18*47*15</message>
</record>
</log>
<?xml version="1.0" encoding="UTF-8" standalone="no"?>
<!DOCTYPE log SYSTEM "logger.dtd">
<log>
<record>
  <date>2019-08-26T20:34:56.936-0300</date>
  <logger>WENDSON MAGALHAES DA SILVA</logger>
  <level>FINE</level>
  <message>File 117210424-WENDSON MAGALHAES DA SILVA.zip was received. It was sent by WENDSON MAGALHAES DA SILVA from IP 192.168.1.8 at 26-08-2019 20*34*56</message>
</record>
</log>
<?xml version="1.0" encoding="UTF-8" standalone="no"?>
<!DOCTYPE log SYSTEM "logger.dtd">
<log>
<record>
  <date>2019-08-26T20:35:36.061-0300</date>
  <logger>WENDSON MAGALHAES DA SILVA</logger>
  <level>FINE</level>
  <message>File 117210424-WENDSON MAGALHAES DA SILVA.zip was received. It was sent by WENDSON MAGALHAES DA SILVA from IP 192.168.1.8 at 26-08-2019 20*35*36</message>
</record>
</log>
<?xml version="1.0" encoding="UTF-8" standalone="no"?>
<!DOCTYPE log SYSTEM "logger.dtd">
<log>
<record>
  <date>2019-08-26T20:36:42.109-0300</date>
  <logger>WENDSON MAGALHAES DA SILVA</logger>
  <level>FINE</level>
  <message>File 117210424-WENDSON MAGALHAES DA SILVA.zip was received. It was sent by WENDSON MAGALHAES DA SILVA from IP 192.168.1.8 at 26-08-2019 20*36*42</message>
</record>
</log>
<?xml version="1.0" encoding="UTF-8" standalone="no"?>
<!DOCTYPE log SYSTEM "logger.dtd">
<log>
<record>
  <date>2019-08-26T20:37:06.763-0300</date>
  <logger>WENDSON MAGALHAES DA SILVA</logger>
  <level>FINE</level>
  <message>File 117210424-WENDSON MAGALHAES DA SILVA.zip was received. It was sent by WENDSON MAGALHAES DA SILVA from IP 192.168.1.8 at 26-08-2019 20*37*06</message>
</record>
